[2021-05-25T14:53:42.687] [DEBUG] cheese - login => username:admin,password:123456
[2021-05-25T14:53:42.688] [DEBUG] cheese - admin
[2021-05-25T14:53:42.703] [DEBUG] cheese - null
[2021-05-25T14:53:42.703] [DEBUG] cheese - null
[2021-11-09T00:46:37.059] [DEBUG] cheese - login => username:cay,password:123123
[2021-11-09T00:46:37.062] [DEBUG] cheese - cay
[2021-11-09T00:46:37.074] [DEBUG] cheese - null
[2021-11-09T00:46:37.075] [DEBUG] cheese - null
[2021-11-09T00:46:42.006] [DEBUG] cheese - login => username:czy,password:123123
[2021-11-09T00:46:42.006] [DEBUG] cheese - czy
[2021-11-09T00:46:42.010] [DEBUG] cheese - null
[2021-11-09T00:46:42.010] [DEBUG] cheese - null
[2021-11-09T00:47:00.638] [DEBUG] cheese - login => username:admin,password:123123
[2021-11-09T00:47:00.639] [DEBUG] cheese - admin
[2021-11-09T00:47:00.647] [DEBUG] cheese - null
[2021-11-09T00:47:29.455] [DEBUG] cheese - login => username:admin,password:123123
[2021-11-09T00:47:29.459] [DEBUG] cheese - admin
[2021-11-09T00:47:29.477] [DEBUG] cheese - null
[2021-11-09T00:48:51.554] [DEBUG] cheese - login => username:admin,password:123123
[2021-11-09T00:48:51.558] [DEBUG] cheese - admin
[2021-11-09T00:48:51.574] [DEBUG] cheese - null
[2021-11-09T00:50:01.273] [DEBUG] cheese - login => username:admin,password:123123
[2021-11-09T00:50:01.277] [DEBUG] cheese - admin
[2021-11-09T00:50:01.294] [DEBUG] cheese - null
[2021-11-09T00:50:27.329] [DEBUG] cheese - login => username:admin,password:123123
[2021-11-09T00:50:27.334] [DEBUG] cheese - admin
[2021-11-09T00:50:27.350] [DEBUG] cheese - null
[2021-11-09T00:52:04.959] [DEBUG] cheese - login => username:admin,password:123123
[2021-11-09T00:52:04.963] [DEBUG] cheese - admin
[2021-11-09T00:52:04.980] [DEBUG] cheese - null
[2021-11-09T00:55:06.011] [DEBUG] cheese - login => username:admin,password:123123
[2021-11-09T00:55:06.014] [DEBUG] cheese - admin
[2021-11-09T00:55:06.031] [DEBUG] cheese - null
[2021-11-09T01:01:40.083] [DEBUG] cheese - login => username:czy,password:123
[2021-11-09T01:01:40.090] [DEBUG] cheese - czy
[2021-11-09T01:01:40.114] [DEBUG] cheese - null
[2021-11-09T01:01:57.272] [DEBUG] cheese - login => username:zs,password:123123
[2021-11-09T01:01:57.276] [DEBUG] cheese - zs
[2021-11-09T01:01:57.291] [DEBUG] cheese - null
[2021-11-09T01:01:57.291] [DEBUG] cheese - null
[2021-11-09T01:02:02.091] [DEBUG] cheese - login => username:zs,password:123123
[2021-11-09T01:02:02.091] [DEBUG] cheese - zs
[2021-11-09T01:02:02.096] [DEBUG] cheese - null
[2021-11-09T01:02:02.096] [DEBUG] cheese - null
[2021-11-09T01:02:03.047] [DEBUG] cheese - login => username:zs,password:123123
[2021-11-09T01:02:03.047] [DEBUG] cheese - zs
[2021-11-09T01:02:03.050] [DEBUG] cheese - null
[2021-11-09T01:02:03.051] [DEBUG] cheese - null
[2021-11-09T01:02:14.273] [DEBUG] cheese - login => username:admin,password:1
[2021-11-09T01:02:14.273] [DEBUG] cheese - admin
[2021-11-09T01:02:14.281] [DEBUG] cheese - null
[2021-11-09T01:02:14.282] [DEBUG] cheese - null
[2021-11-09T01:02:24.592] [DEBUG] cheese - login => username:admin,password:123123
[2021-11-09T01:02:24.592] [DEBUG] cheese - admin
[2021-11-09T01:02:24.596] [DEBUG] cheese - null
[2021-11-09T01:02:24.597] [DEBUG] cheese - null
[2021-11-09T01:02:37.150] [DEBUG] cheese - login => username:czy,password:123
[2021-11-09T01:02:37.151] [DEBUG] cheese - czy
[2021-11-09T01:02:37.155] [DEBUG] cheese - null
[2021-11-09T01:04:24.015] [DEBUG] cheese - login => username:admin,password:1
[2021-11-09T01:04:24.019] [DEBUG] cheese - admin
[2021-11-09T01:04:24.036] [DEBUG] cheese - null
[2021-11-09T01:04:24.037] [DEBUG] cheese - null
[2021-11-09T01:04:37.006] [DEBUG] cheese - login => username:admin,password:123456
[2021-11-09T01:04:37.007] [DEBUG] cheese - admin
[2021-11-09T01:04:37.013] [DEBUG] cheese - null
[2021-11-09T01:04:37.013] [DEBUG] cheese - null
[2021-11-09T01:05:48.027] [DEBUG] cheese - login => username:czy,password:123456
[2021-11-09T01:05:48.027] [DEBUG] cheese - czy
[2021-11-09T01:05:48.031] [DEBUG] cheese - null
[2021-11-09T01:05:48.031] [DEBUG] cheese - null
[2021-11-23T22:07:26.390] [DEBUG] cheese - login => username:admin,password:123456
[2021-11-23T22:07:26.392] [DEBUG] cheese - admin
[2021-11-23T22:07:26.404] [DEBUG] cheese - null
[2021-11-23T22:07:26.405] [DEBUG] cheese - null
[2021-11-24T09:52:46.595] [DEBUG] cheese - login => username:admin,password:123456
[2021-11-24T09:52:46.598] [DEBUG] cheese - admin
[2021-11-24T09:52:46.627] [DEBUG] cheese - null
[2021-11-24T09:52:46.628] [DEBUG] cheese - null
[2021-11-24T10:25:39.367] [DEBUG] cheese - login => username:admin,password:123456
[2021-11-24T10:25:39.367] [DEBUG] cheese - admin
[2021-11-24T10:25:39.372] [DEBUG] cheese - null
[2021-11-24T10:25:39.372] [DEBUG] cheese - null
[2021-11-24T12:20:14.205] [DEBUG] cheese - login => username:admin,password:123456
[2021-11-24T12:20:14.205] [DEBUG] cheese - admin
[2021-11-24T12:20:14.208] [DEBUG] cheese - null
[2021-11-24T12:20:14.208] [DEBUG] cheese - null
[2021-11-24T15:00:01.182] [DEBUG] cheese - login => username:admin,password:123456
[2021-11-24T15:00:01.182] [DEBUG] cheese - admin
[2021-11-24T15:00:01.185] [DEBUG] cheese - null
[2021-11-24T15:00:01.185] [DEBUG] cheese - null
[2021-11-25T20:59:34.994] [DEBUG] cheese - login => username:admin,password:123456
[2021-11-25T20:59:34.999] [DEBUG] cheese - admin
[2021-11-25T20:59:35.030] [DEBUG] cheese - null
[2021-11-25T20:59:35.032] [DEBUG] cheese - null
[2021-11-25T21:01:10.496] [DEBUG] cheese - login => username:admin,password:123456
[2021-11-25T21:01:10.496] [DEBUG] cheese - admin
[2021-11-25T21:01:10.500] [DEBUG] cheese - null
[2021-11-25T21:01:10.500] [DEBUG] cheese - null
[2021-11-25T21:04:56.638] [DEBUG] cheese - login => username:admin,password:123456
[2021-11-25T21:04:56.638] [DEBUG] cheese - admin
[2021-11-25T21:04:56.642] [DEBUG] cheese - null
[2021-11-25T21:04:56.642] [DEBUG] cheese - null
[2021-11-26T10:18:00.707] [DEBUG] cheese - login => username:admin,password:123456
[2021-11-26T10:18:00.710] [DEBUG] cheese - admin
[2021-11-26T10:18:00.728] [DEBUG] cheese - null
[2021-11-26T10:18:00.729] [DEBUG] cheese - null
[2021-11-26T21:16:45.444] [DEBUG] cheese - login => username:admin,password:123456
[2021-11-26T21:16:45.450] [DEBUG] cheese - admin
[2021-11-26T21:16:45.458] [DEBUG] cheese - null
[2021-11-26T21:16:45.459] [DEBUG] cheese - null
[2021-11-27T18:26:06.641] [DEBUG] cheese - login => username:admin,password:123456
[2021-11-27T18:26:06.643] [DEBUG] cheese - admin
[2021-11-27T18:26:06.660] [DEBUG] cheese - null
[2021-11-27T18:26:06.660] [DEBUG] cheese - null
[2021-11-27T19:59:06.592] [DEBUG] cheese - null
[2021-11-29T15:26:07.850] [DEBUG] cheese - login => username:admin,password:123456
[2021-11-29T15:26:07.853] [DEBUG] cheese - admin
[2021-11-29T15:26:07.870] [DEBUG] cheese - null
[2021-11-29T15:26:07.871] [DEBUG] cheese - null
[2021-11-30T13:38:20.600] [DEBUG] cheese - login => username:admin,password:123456
[2021-11-30T13:38:20.603] [DEBUG] cheese - admin
[2021-11-30T13:38:20.624] [DEBUG] cheese - null
[2021-11-30T13:38:20.625] [DEBUG] cheese - null
[2021-11-30T13:38:36.988] [DEBUG] cheese - login => username:admin,password:123456
[2021-11-30T13:38:36.991] [DEBUG] cheese - admin
[2021-11-30T13:38:37.012] [DEBUG] cheese - null
[2021-11-30T13:38:37.013] [DEBUG] cheese - null
[2021-12-01T11:23:40.603] [DEBUG] cheese - login => username:admin,password:123456
[2021-12-01T11:23:40.606] [DEBUG] cheese - admin
[2021-12-01T11:23:40.627] [DEBUG] cheese - null
[2021-12-01T11:23:40.628] [DEBUG] cheese - null
[2021-12-02T08:38:03.654] [DEBUG] cheese - login => username:admin,password:123456
[2021-12-02T08:38:03.660] [DEBUG] cheese - admin
[2021-12-02T08:38:03.686] [DEBUG] cheese - null
[2021-12-02T08:38:03.687] [DEBUG] cheese - null
[2021-12-02T15:56:17.862] [DEBUG] cheese - login => username:admin,password:123456
[2021-12-02T15:56:17.864] [DEBUG] cheese - admin
[2021-12-02T15:56:17.870] [DEBUG] cheese - null
[2021-12-02T15:56:17.871] [DEBUG] cheese - null
[2021-12-03T08:50:27.149] [DEBUG] cheese - login => username:admin,password:123456
[2021-12-03T08:50:27.151] [DEBUG] cheese - admin
[2021-12-03T08:50:27.177] [DEBUG] cheese - null
[2021-12-03T08:50:27.178] [DEBUG] cheese - null
[2021-12-04T12:47:16.638] [DEBUG] cheese - login => username:admin,password:123456
[2021-12-04T12:47:16.641] [DEBUG] cheese - admin
[2021-12-04T12:47:16.658] [DEBUG] cheese - null
[2021-12-04T12:47:16.659] [DEBUG] cheese - null
[2021-12-04T14:17:04.801] [DEBUG] cheese - login => username:admin,password:123456
[2021-12-04T14:17:04.803] [DEBUG] cheese - admin
[2021-12-04T14:17:04.809] [DEBUG] cheese - null
[2021-12-04T14:17:04.810] [DEBUG] cheese - null
[2021-12-04T14:45:33.851] [DEBUG] cheese - null
[2021-12-04T14:46:03.458] [DEBUG] cheese - null
[2021-12-04T14:46:54.933] [DEBUG] cheese - null
[2021-12-04T14:48:02.030] [DEBUG] cheese - null
[2021-12-04T14:51:58.479] [DEBUG] cheese - null
[2021-12-04T14:54:06.001] [DEBUG] cheese - null
[2021-12-04T14:54:24.646] [DEBUG] cheese - null
[2021-12-04T14:55:54.905] [DEBUG] cheese - null
[2021-12-04T14:56:11.945] [DEBUG] cheese - null
[2021-12-04T14:56:16.925] [DEBUG] cheese - null
[2021-12-04T14:57:48.208] [DEBUG] cheese - null
[2021-12-04T15:01:42.716] [DEBUG] cheese - null
[2021-12-04T15:02:04.381] [DEBUG] cheese - null
[2021-12-04T15:03:26.772] [DEBUG] cheese - null
[2021-12-04T15:03:42.517] [DEBUG] cheese - null
[2021-12-04T15:06:41.765] [DEBUG] cheese - null
[2021-12-04T15:06:55.158] [DEBUG] cheese - null
[2021-12-04T15:07:03.916] [DEBUG] cheese - null
[2021-12-04T15:15:18.108] [DEBUG] cheese - null
[2021-12-04T15:15:28.658] [DEBUG] cheese - null
[2021-12-04T15:17:03.402] [DEBUG] cheese - null
[2021-12-04T15:18:44.607] [DEBUG] cheese - null
[2021-12-04T15:27:51.937] [DEBUG] cheese - null
[2021-12-04T15:28:01.112] [DEBUG] cheese - null
[2021-12-04T15:28:15.780] [DEBUG] cheese - null
[2021-12-04T15:29:27.180] [DEBUG] cheese - null
[2021-12-04T15:33:12.625] [DEBUG] cheese - null
[2021-12-07T16:27:43.145] [DEBUG] cheese - login => username:admin,password:123456
[2021-12-07T16:27:43.147] [DEBUG] cheese - admin
[2021-12-07T16:27:43.179] [DEBUG] cheese - null
[2021-12-07T16:27:43.180] [DEBUG] cheese - null
[2021-12-07T16:50:31.724] [DEBUG] cheese - login => username:admin,password:123456
[2021-12-07T16:50:31.727] [DEBUG] cheese - admin
[2021-12-07T16:50:31.738] [DEBUG] cheese - null
[2021-12-07T16:50:31.739] [DEBUG] cheese - null
[2021-12-07T16:59:25.677] [DEBUG] cheese - login => username:admin,password:123456
[2021-12-07T16:59:25.680] [DEBUG] cheese - admin
[2021-12-07T16:59:25.699] [DEBUG] cheese - null
[2021-12-07T16:59:25.700] [DEBUG] cheese - null
[2021-12-07T17:11:01.948] [DEBUG] cheese - login => username:admin,password:123456
[2021-12-07T17:11:01.950] [DEBUG] cheese - admin
[2021-12-07T17:11:01.968] [DEBUG] cheese - null
[2021-12-07T17:11:01.968] [DEBUG] cheese - null
[2021-12-07T17:27:16.425] [DEBUG] cheese - login => username:admin,password:123456
[2021-12-07T17:27:16.428] [DEBUG] cheese - admin
[2021-12-07T17:27:16.453] [DEBUG] cheese - null
[2021-12-07T17:27:16.454] [DEBUG] cheese - null
[2021-12-07T18:10:26.141] [DEBUG] cheese - login => username:admin,password:123456
[2021-12-07T18:10:26.141] [DEBUG] cheese - admin
[2021-12-07T18:10:26.145] [DEBUG] cheese - null
[2021-12-07T18:10:26.145] [DEBUG] cheese - null
